◇ injected env (0) from .env // tip: ⌘ suppress logs { quiet: true }
[2m2026-07-11T06:56:21.098Z[0m [33mWARN[0m [1m[Better Auth]:[0m Social provider linkedin is missing clientId or clientSecret
[2m2026-07-11T06:56:21.100Z[0m [33mWARN[0m [1m[Better Auth]:[0m Social provider facebook is missing clientId or clientSecret
node:events:487
      throw er; // Unhandled 'error' event
      ^

Error: listen EADDRINUSE: address already in use :::3001
    at Server.setupListenHandle [as _listen2] (node:net:2009:16)
    at listenInCluster (node:net:2066:12)
    at Server.listen (node:net:2171:7)
    at file:///D:/JS%20TUTORIAL/franchisia/server/index.js:86:12
    at ModuleJob.run (node:internal/modules/esm/module_job:439:25)
    at async node:internal/modules/esm/loader:643:26
    at async asyncRunEntryPointWithESMLoader (node:internal/modules/run_main:101:5)
Emitted 'error' event on Server instance at:
    at emitErrorNT (node:net:2045:8)
    at process.processTicksAndRejections (node:internal/process/task_queues:90:21) {
  code: 'EADDRINUSE',
  errno: -4091,
  syscall: 'listen',
  address: '::',
  port: 3001
}

Node.js v24.18.0
